2026-06-14 11:03:29, MOVE, v:1, k:ed@multiset, mode:PICK
2026-06-14 11:06:51, MOVE, v:1, k:ed@multiset, mode:EDIT
2026-06-14 11:12:09, MOVE, v:1, k:ed@multiset, mode:EDIT
2026-06-14 11:16:46, EXEC, v:1, k:ed@multiset, mode:FULL, size:179, fail:COMP
2026-06-14 11:16:58, EXEC, v:1, k:ed@multiset, mode:FULL, rate:16, size:179
2026-06-14 11:17:14, MOVE, v:1, k:ed@multiset, mode:EDIT
2026-06-14 11:20:15, EXEC, v:1, k:ed@multiset, mode:FULL, rate:16, size:194
2026-06-14 11:21:06, EXEC, v:1, k:ed@multiset, mode:FULL, rate:16, size:184
2026-06-14 11:22:42, EXEC, v:1, k:ed@multiset, mode:FULL, rate:33, size:189
2026-06-14 11:22:39, MOVE, v:1, k:ed@multiset, mode:EDIT
2026-06-14 11:25:12, EXEC, v:1, k:ed@multiset, mode:FULL, rate:50, size:192
2026-06-14 11:27:47, MOVE, v:1, k:ed@multiset, mode:EDIT
2026-06-14 11:28:15, EXEC, v:1, k:ed@multiset, mode:FULL, rate:50, size:210
2026-06-14 11:28:53, EXEC, v:1, k:ed@multiset, mode:FULL, rate:66, size:211
2026-06-14 11:32:47, MOVE, v:1, k:ed@multiset, mode:EDIT
2026-06-14 11:33:31, EXEC, v:1, k:ed@multiset, mode:FULL, rate:66, size:226
2026-06-14 11:34:03, EXEC, v:1, k:ed@multiset, mode:FULL, rate:83, size:226
2026-06-14 11:35:48, EXEC, v:1, k:ed@multiset, mode:FULL, rate:100, size:231
2026-06-14 11:36:20, SELF, v:1, k:ed@multiset, self:1, rate:100, concept:1, problem:1
2026-06-14 11:36:22, MOVE, v:1, k:ed@multiset, mode:BACK
2026-06-14 11:35:46, MOVE, v:1, k:ed@multiset, mode:EDIT
2026-06-14 11:39:56, MOVE, v:1, k:ed@magicsearch, mode:DOWN
2026-06-14 11:40:00, MOVE, v:1, k:ed@magicsearch, mode:PICK
2026-06-14 11:40:02, EXEC, v:1, k:ed@magicsearch, mode:FULL, rate:30, size:30
2026-06-14 11:42:11, EXEC, v:1, k:ed@magicsearch, mode:FULL, rate:30
2026-06-14 11:39:56, MOVE, v:1, k:ed@magicsearch, mode:EDIT
2026-06-14 11:39:56, MOVE, v:1, k:ed@magicsearch, mode:EDIT
2026-06-14 11:39:56, MOVE, v:1, k:ed@magicsearch, mode:EDIT
2026-06-14 11:47:41, MOVE, v:1, k:ed@magicsearch, mode:EDIT
2026-06-14 11:48:29, EXEC, v:1, k:ed@magicsearch, mode:FULL, rate:100, size:48
2026-06-14 11:49:07, MOVE, v:1, k:ed@magicsearch, mode:BACK
2026-06-14 11:49:09, MOVE, v:1, k:ed@magicsearch, mode:PICK
2026-06-14 11:49:11, MOVE, v:1, k:ed@magicsearch, mode:BACK
2026-06-14 11:49:17, SELF, v:1, k:ed@magicsearch, self:1, rate:100
