2026-04-13 22:26:53, MOVE, v:1, k:ed@pintando, mode:PICK
2026-04-13 22:31:11, MOVE, v:1, k:ed@pintando, mode:EDIT
2026-04-13 22:33:55, EXEC, v:1, k:ed@pintando, mode:FREE, size:21
2026-04-13 22:34:27, EXEC, v:1, k:ed@pintando, mode:FULL, rate:100
2026-04-13 22:34:45, MOVE, v:1, k:ed@pintando, mode:BACK
2026-04-13 22:34:51, MOVE, v:1, k:ed@mumia, mode:PICK
2026-04-13 22:33:45, MOVE, v:1, k:ed@pintando, mode:EDIT
2026-04-13 22:36:14, MOVE, v:1, k:ed@mumia, mode:EDIT
2026-04-13 22:36:52, EXEC, v:1, k:ed@mumia, mode:FULL, rate:0, size:10
2026-04-13 22:41:09, MOVE, v:1, k:ed@mumia, mode:EDIT
2026-04-13 22:43:26, EXEC, v:1, k:ed@mumia, mode:FULL, rate:100, size:25
2026-04-13 22:43:40, MOVE, v:1, k:ed@mumia, mode:BACK
2026-04-13 22:43:44, MOVE, v:1, k:ed@fuga, mode:PICK
2026-04-13 22:43:21, MOVE, v:1, k:ed@mumia, mode:EDIT
2026-04-13 22:44:40, MOVE, v:1, k:ed@fuga, mode:EDIT
2026-04-13 22:51:10, MOVE, v:1, k:ed@fuga, mode:EDIT
2026-04-13 22:56:14, MOVE, v:1, k:ed@fuga, mode:EDIT
2026-04-13 22:56:27, EXEC, v:1, k:ed@fuga, mode:FREE, size:31
2026-04-13 22:56:59, EXEC, v:1, k:ed@fuga, mode:FULL, rate:100
2026-04-13 23:01:15, MOVE, v:1, k:ed@fuga, mode:BACK
2026-04-13 23:01:06, MOVE, v:1, k:ed@fuga, mode:EDIT
