2026-05-11 12:27:06, MOVE, v:1, k:ed@fractais_png, mode:PICK
2026-05-11 12:27:50, MOVE, v:1, k:ed@fractais_png, mode:BACK
2026-05-11 12:28:11, MOVE, v:1, k:ed@vetbuild, mode:PICK
2026-05-11 12:27:28, MOVE, v:1, k:ed@fractais_png, mode:EDIT
2026-05-11 12:40:50, MOVE, v:1, k:ed@vetbuild, mode:EDIT
2026-05-11 12:44:15, EXEC, v:1, k:ed@vetbuild, mode:FULL, size:133, fail:COMP
2026-05-11 12:44:31, EXEC, v:1, k:ed@vetbuild, mode:FULL, size:133, fail:COMP
2026-05-11 12:46:07, EXEC, v:1, k:ed@vetbuild, mode:FULL, rate:0, size:133
2026-05-11 12:46:31, MOVE, v:1, k:ed@vetbuild, mode:EDIT
2026-05-11 12:48:31, EXEC, v:1, k:ed@vetbuild, mode:FULL, rate:0, size:137
2026-05-11 12:51:49, MOVE, v:1, k:ed@vetbuild, mode:EDIT
2026-05-11 12:54:13, EXEC, v:1, k:ed@vetbuild, mode:FULL, rate:18, size:146
2026-05-11 12:56:15, MOVE, v:1, k:ed@vetbuild, mode:EDIT
2026-05-11 18:34:58, MOVE, v:1, k:ed@vetbuild, mode:BACK
2026-05-11 18:35:34, MOVE, v:1, k:ed@vetbuild, mode:PICK
2026-05-11 18:35:42, MOVE, v:1, k:ed@vetbuild, mode:EDIT
2026-05-11 18:40:06, MOVE, v:1, k:ed@vetbuild, mode:EDIT
2026-05-11 18:43:46, EXEC, v:1, k:ed@vetbuild, mode:FULL, rate:18, size:169
2026-05-11 18:43:40, MOVE, v:1, k:ed@vetbuild, mode:EDIT
2026-05-11 18:48:06, EXEC, v:1, k:ed@vetbuild, mode:FULL, rate:18, size:176
2026-05-11 18:49:38, EXEC, v:1, k:ed@vetbuild, mode:FULL, rate:27, size:183
2026-05-11 18:49:34, MOVE, v:1, k:ed@vetbuild, mode:EDIT
2026-05-11 18:51:15, EXEC, v:1, k:ed@vetbuild, mode:FULL, rate:36, size:187
2026-05-11 18:51:27, MOVE, v:1, k:ed@vetbuild, mode:BACK
2026-05-11 18:51:11, MOVE, v:1, k:ed@vetbuild, mode:EDIT
