2026-06-21 12:54:42, MOVE, v:1, k:ed@lista_d2, mode:PICK
2026-06-21 13:00:02, MOVE, v:1, k:ed@lista_d2, mode:PICK
2026-06-21 13:00:04, EXEC, v:1, k:ed@lista_d2, mode:FULL, rate:20, size:188
2026-06-21 13:03:05, MOVE, v:1, k:ed@lista_d2, mode:PICK
2026-06-21 13:03:12, EXEC, v:1, k:ed@lista_d2, mode:FULL, size:194, fail:COMP
2026-06-21 13:07:56, MOVE, v:1, k:ed@lista_d2, mode:PICK
2026-06-21 13:14:03, MOVE, v:1, k:ed@lista_d2, mode:PICK
2026-06-21 13:17:18, EXEC, v:1, k:ed@lista_d2, mode:FULL, rate:20, size:213
2026-06-21 13:18:28, EXEC, v:1, k:ed@lista_d2, mode:FULL, rate:20, size:217
2026-06-21 13:18:55, MOVE, v:1, k:ed@lista_d2, mode:EDIT
2026-06-21 13:22:16, EXEC, v:1, k:ed@lista_d2, mode:FULL, rate:40, size:232
2026-06-21 13:23:56, MOVE, v:1, k:ed@lista_d2, mode:EDIT
2026-06-21 13:24:14, EXEC, v:1, k:ed@lista_d2, mode:FULL, rate:60, size:232
2026-06-21 13:24:55, EXEC, v:1, k:ed@lista_d2, mode:FULL, rate:80, size:232
2026-06-21 13:26:03, EXEC, v:1, k:ed@lista_d2, mode:FULL, rate:80, size:238
2026-06-21 13:26:36, EXEC, v:1, k:ed@lista_d2, mode:FULL, rate:80, size:239
2026-06-21 13:27:21, EXEC, v:1, k:ed@lista_d2, mode:FULL, rate:100, size:239
2026-06-21 13:27:33, MOVE, v:1, k:ed@lista_d2, mode:BACK
2026-06-21 13:28:04, SELF, v:1, k:ed@lista_d2, self:1, rate:100, concept:1
2026-06-21 13:28:27, MOVE, v:1, k:ed@prin_list1, mode:DOWN
2026-06-21 13:28:31, MOVE, v:1, k:ed@prin_list1, mode:PICK
2026-06-21 13:27:49, MOVE, v:1, k:ed@lista_d2, mode:EDIT
2026-06-21 13:28:26, MOVE, v:1, k:ed@prin_list1, mode:EDIT
2026-06-21 13:28:26, MOVE, v:1, k:ed@prin_list1, mode:EDIT
2026-06-21 13:28:26, MOVE, v:1, k:ed@prin_list1, mode:EDIT
2026-06-21 13:33:55, MOVE, v:1, k:ed@prin_list1, mode:EDIT
2026-06-21 13:36:52, EXEC, v:1, k:ed@prin_list1, mode:FULL, size:194, fail:COMP
2026-06-21 13:38:57, MOVE, v:1, k:ed@prin_list1, mode:EDIT
2026-06-21 13:37:57, MOVE, v:1, k:ed@prin_list1, mode:EDIT
2026-06-21 13:43:51, MOVE, v:1, k:ed@prin_list1, mode:EDIT
2026-06-21 13:47:36, EXEC, v:1, k:ed@prin_list1, mode:FULL, size:222, fail:COMP
2026-06-21 13:47:34, MOVE, v:1, k:ed@prin_list1, mode:EDIT
2026-06-21 13:49:11, EXEC, v:1, k:ed@prin_list1, mode:FULL, rate:0, size:222
2026-06-21 13:50:42, EXEC, v:1, k:ed@prin_list1, mode:FULL, rate:0, size:230
2026-06-21 13:52:54, MOVE, v:1, k:ed@prin_list1, mode:EDIT
2026-06-21 13:52:15, MOVE, v:1, k:ed@prin_list1, mode:EDIT
2026-06-21 13:57:18, EXEC, v:1, k:ed@prin_list1, mode:FULL, rate:0, size:189
2026-06-21 13:55:17, MOVE, v:1, k:ed@prin_list1, mode:EDIT
2026-06-21 13:58:56, MOVE, v:1, k:ed@prin_list1, mode:EDIT
2026-06-21 13:59:00, EXEC, v:1, k:ed@prin_list1, mode:FULL, rate:0, size:190
2026-06-21 13:59:32, MOVE, v:1, k:ed@prin_list1, mode:PICK
2026-06-21 13:59:55, EXEC, v:1, k:ed@prin_list1, mode:FULL, rate:0
2026-06-21 14:01:39, EXEC, v:1, k:ed@prin_list1, mode:FULL, rate:100, size:190
2026-06-21 14:01:45, MOVE, v:1, k:ed@prin_list1, mode:BACK
2026-06-21 14:02:30, SELF, v:1, k:ed@prin_list1, self:1, rate:100, debug:1
2026-06-21 14:01:09, MOVE, v:1, k:ed@prin_list1, mode:EDIT
2026-06-21 14:05:43, MOVE, v:1, k:ed@editorint, mode:PICK
2026-06-21 14:11:39, MOVE, v:1, k:ed@editorint, mode:BACK
2026-06-21 14:14:00, EXEC, v:1, k:ed@editorint, mode:FREE
2026-06-21 14:18:09, EXEC, v:1, k:ed@editorint, mode:FREE
2026-06-21 14:28:00, EXEC, v:1, k:ed@editorint, mode:FREE
2026-06-21 14:34:09, EXEC, v:1, k:ed@editorint, mode:FREE
2026-06-21 14:37:42, EXEC, v:1, k:ed@editorint, mode:FREE
2026-06-21 14:41:55, EXEC, v:1, k:ed@editorint, mode:FREE
2026-06-21 14:46:15, EXEC, v:1, k:ed@editorint, mode:FREE
2026-06-21 14:50:26, EXEC, v:1, k:ed@editorint, mode:FREE
2026-06-21 14:51:27, SELF, v:1, k:ed@editorint, self:1, rate:100
