2026-05-05 17:50:06, MOVE, v:1, k:ed@editorint, mode:DOWN
2026-05-05 17:50:14, MOVE, v:1, k:ed@editorint, mode:PICK
2026-05-05 17:50:06, MOVE, v:1, k:ed@editorint, mode:EDIT
2026-05-05 17:50:06, MOVE, v:1, k:ed@editorint, mode:EDIT
2026-05-05 17:50:06, MOVE, v:1, k:ed@editorint, mode:EDIT
2026-05-05 17:50:06, MOVE, v:1, k:ed@editorint, mode:EDIT
2026-05-05 17:50:06, MOVE, v:1, k:ed@editorint, mode:EDIT
2026-05-05 18:05:21, MOVE, v:1, k:ed@editorint, mode:EDIT
2026-05-05 18:05:21, MOVE, v:1, k:ed@editorint, mode:EDIT
2026-05-05 18:06:14, EXEC, v:1, k:ed@editorint, mode:FREE
2026-05-05 18:06:08, MOVE, v:1, k:ed@editorint, mode:EDIT
2026-05-05 18:14:56, EXEC, v:1, k:ed@editorint, mode:FREE
2026-05-05 18:18:41, MOVE, v:1, k:ed@editorint, mode:BACK
2026-05-05 18:18:53, MOVE, v:1, k:ed@lista_d1, mode:DOWN
2026-05-05 18:18:53, MOVE, v:1, k:ed@lista_d1, mode:PICK
2026-05-05 18:19:59, EXEC, v:1, k:ed@lista_d1, mode:FULL, rate:0, size:57
2026-05-05 18:18:53, MOVE, v:1, k:ed@lista_d1, mode:EDIT
2026-05-05 18:18:53, MOVE, v:1, k:ed@lista_d1, mode:EDIT
2026-05-05 18:18:53, MOVE, v:1, k:ed@lista_d1, mode:EDIT
2026-05-05 18:18:53, MOVE, v:1, k:ed@lista_d1, mode:EDIT
2026-05-05 18:29:38, MOVE, v:1, k:ed@lista_d1, mode:BACK
2026-05-05 18:30:27, MOVE, v:1, k:ed@fractais_png, mode:PICK
2026-05-05 18:31:38, EXEC, v:1, k:ed@fractais_png, mode:LOCK, rate:0, size:5
2026-05-05 18:31:56, MOVE, v:1, k:ed@fractais_png, mode:BACK
2026-05-05 18:32:52, MOVE, v:1, k:ed@eh_primo, mode:PICK
2026-05-05 18:32:55, MOVE, v:1, k:ed@eh_primo, mode:BACK
2026-05-05 18:33:04, SELF, v:1, k:ed@eh_primo, self:1, rate:100, concept:1
2026-05-05 18:31:45, MOVE, v:1, k:ed@fractais_png, mode:EDIT
2026-05-05 18:43:05, MOVE, v:1, k:ed@vetequals, mode:DOWN
2026-05-05 18:43:07, MOVE, v:1, k:ed@vetequals, mode:PICK
2026-05-05 18:42:59, MOVE, v:1, k:ed@fractais_png, mode:EDIT
2026-05-05 18:43:05, MOVE, v:1, k:ed@vetequals, mode:EDIT
2026-05-05 18:43:05, MOVE, v:1, k:ed@vetequals, mode:EDIT
2026-05-05 18:43:05, MOVE, v:1, k:ed@vetequals, mode:EDIT
2026-05-05 18:47:53, EXEC, v:1, k:ed@vetequals, mode:FULL, rate:80, size:50
2026-05-05 18:48:52, EXEC, v:1, k:ed@vetequals, mode:FULL, rate:80, size:54
2026-05-05 18:48:49, MOVE, v:1, k:ed@vetequals, mode:EDIT
2026-05-05 19:19:39, EXEC, v:1, k:ed@vetequals, mode:FULL, rate:80, size:57
2026-05-05 19:19:35, MOVE, v:1, k:ed@vetequals, mode:EDIT
2026-05-05 19:21:42, EXEC, v:1, k:ed@vetequals, mode:FULL, rate:100, size:55
2026-05-05 19:21:51, MOVE, v:1, k:ed@vetequals, mode:BACK
2026-05-05 19:22:03, SELF, v:1, k:ed@vetequals, self:1, rate:100, concept:1
