2026-05-27 16:50:40, SELF, v:1, k:ed@analise, self:1, rate:100
2026-05-27 16:51:09, MOVE, v:1, k:ed@mdc, mode:PICK
2026-05-27 16:54:01, EXEC, v:1, k:ed@mdc, mode:FULL, rate:0, size:14
2026-05-27 16:54:19, MOVE, v:1, k:ed@mdc, mode:EDIT
2026-05-27 16:59:18, MOVE, v:1, k:ed@mdc, mode:EDIT
2026-05-27 17:01:42, EXEC, v:1, k:ed@mdc, mode:FULL, rate:0, size:26
2026-05-27 17:02:58, EXEC, v:1, k:ed@mdc, mode:FULL, rate:20, size:23
2026-05-27 17:03:56, MOVE, v:1, k:ed@mdc, mode:EDIT
2026-05-27 17:06:30, EXEC, v:1, k:ed@mdc, mode:FULL, rate:100, size:23
2026-05-27 17:06:09, MOVE, v:1, k:ed@mdc, mode:EDIT
2026-05-27 17:10:04, MOVE, v:1, k:ed@mdc, mode:BACK
2026-05-27 17:10:12, SELF, v:1, k:ed@mdc, self:1, rate:100
2026-05-27 17:10:37, MOVE, v:1, k:ed@queimada, mode:PICK
2026-05-27 17:11:18, MOVE, v:1, k:ed@queimada, mode:EDIT
2026-05-27 17:19:13, MOVE, v:1, k:ed@queimada, mode:BACK
2026-05-27 17:19:17, MOVE, v:1, k:ed@fractais_png, mode:DOWN
2026-05-27 17:19:19, MOVE, v:1, k:ed@fractais_png, mode:DOWN
2026-05-27 17:19:19, MOVE, v:1, k:ed@fractais_png, mode:DOWN
2026-05-27 17:19:19, MOVE, v:1, k:ed@fractais_png, mode:DOWN
2026-05-27 17:19:20, MOVE, v:1, k:ed@fractais_png, mode:DOWN
2026-05-27 17:19:20, MOVE, v:1, k:ed@fractais_png, mode:DOWN
2026-05-27 17:19:20, MOVE, v:1, k:ed@fractais_png, mode:DOWN
2026-05-27 17:19:20, MOVE, v:1, k:ed@fractais_png, mode:DOWN
2026-05-27 17:19:20, MOVE, v:1, k:ed@fractais_png, mode:DOWN
2026-05-27 17:19:20, MOVE, v:1, k:ed@fractais_png, mode:DOWN
2026-05-27 17:19:20, MOVE, v:1, k:ed@fractais_png, mode:DOWN
2026-05-27 17:19:20, MOVE, v:1, k:ed@fractais_png, mode:DOWN
2026-05-27 17:19:20, MOVE, v:1, k:ed@fractais_png, mode:DOWN
2026-05-27 17:19:21, MOVE, v:1, k:ed@fractais_png, mode:DOWN
2026-05-27 17:19:21, MOVE, v:1, k:ed@fractais_png, mode:DOWN
2026-05-27 17:19:21, MOVE, v:1, k:ed@fractais_png, mode:DOWN
2026-05-27 17:19:21, MOVE, v:1, k:ed@fractais_png, mode:EDIT
2026-05-27 17:19:30, MOVE, v:1, k:ed@fractais_png, mode:DOWN
2026-05-27 17:20:39, MOVE, v:1, k:sandbox@user_004, mode:PICK
2026-05-27 17:21:19, MOVE, v:1, k:sandbox@user_004, mode:BACK
2026-05-27 17:22:09, MOVE, v:1, k:ed@fractais_png, mode:DOWN
2026-05-27 17:22:17, MOVE, v:1, k:ed@fractais_png, mode:DOWN
2026-05-27 17:23:01, MOVE, v:1, k:sandbox@user_004, mode:PICK
2026-05-27 17:23:10, MOVE, v:1, k:sandbox@user_004, mode:BACK
2026-05-27 17:22:17, MOVE, v:1, k:ed@fractais_png, mode:EDIT
2026-05-27 17:19:42, MOVE, v:1, k:sandbox@user_004, mode:EDIT
2026-05-27 17:19:42, MOVE, v:1, k:sandbox@user_004, mode:EDIT
2026-05-27 17:22:09, MOVE, v:1, k:ed@fractais_png, mode:EDIT
2026-05-27 17:22:09, MOVE, v:1, k:ed@fractais_png, mode:EDIT
2026-05-27 17:27:05, MOVE, v:1, k:ed@queimada, mode:PICK
2026-05-27 17:27:10, EXEC, v:1, k:ed@queimada, mode:FULL, size:38, fail:COMP
2026-05-27 17:54:38, MOVE, v:1, k:ed@queimada, mode:BACK
2026-05-27 17:55:16, SELF, v:1, k:sandbox@user_001, self:1
2026-05-27 17:55:26, SELF, v:1, k:sandbox@user_002, self:1, rate:100
2026-05-27 17:55:12, MOVE, v:1, k:ed@queimada, mode:EDIT
2026-05-27 19:08:05, MOVE, v:1, k:ed@queimada, mode:PICK
2026-05-27 19:54:16, MOVE, v:1, k:ed@queimada, mode:BACK
2026-05-27 19:54:41, MOVE, v:1, k:sandbox@user_005, mode:PICK
2026-05-27 19:54:43, EXEC, v:1, k:sandbox@user_005, mode:LOCK, rate:0, size:5
2026-05-27 19:54:43, EXEC, v:1, k:sandbox@user_005, mode:LOCK, rate:0, size:5
2026-05-27 19:54:44, EXEC, v:1, k:sandbox@user_005, mode:LOCK, rate:0, size:5
2026-05-27 19:54:44, EXEC, v:1, k:sandbox@user_005, mode:LOCK, rate:0, size:5
2026-05-27 19:54:44, EXEC, v:1, k:sandbox@user_005, mode:LOCK, rate:0, size:5
2026-05-27 19:54:45, EXEC, v:1, k:sandbox@user_005, mode:LOCK, rate:0
2026-05-27 19:54:46, EXEC, v:1, k:sandbox@user_005, mode:LOCK, rate:0
2026-05-27 19:54:46, EXEC, v:1, k:sandbox@user_005, mode:LOCK, rate:0
2026-05-27 19:54:49, MOVE, v:1, k:sandbox@user_005, mode:BACK
2026-05-27 19:54:51, MOVE, v:1, k:sandbox@user_005, mode:PICK
2026-05-27 19:56:29, MOVE, v:1, k:sandbox@user_005, mode:EDIT
2026-05-27 19:54:32, MOVE, v:1, k:sandbox@user_005, mode:EDIT
2026-05-27 19:57:31, EXEC, v:1, k:sandbox@user_005, mode:LOCK, rate:0, size:15
2026-05-27 19:58:01, EXEC, v:1, k:sandbox@user_005, mode:LOCK, rate:0, size:15
2026-05-27 19:59:11, EXEC, v:1, k:sandbox@user_005, mode:LOCK, rate:0, size:17
2026-05-27 19:59:25, EXEC, v:1, k:sandbox@user_005, mode:FREE
2026-05-27 19:59:05, MOVE, v:1, k:sandbox@user_005, mode:EDIT
2026-05-27 20:02:04, MOVE, v:1, k:sandbox@user_005, mode:BACK
2026-05-27 20:03:09, MOVE, v:1, k:ed@queimada, mode:PICK
2026-05-27 20:27:38, MOVE, v:1, k:ed@queimada, mode:EDIT
2026-05-27 20:30:49, EXEC, v:1, k:ed@queimada, mode:FULL, size:50, fail:COMP
2026-05-27 20:32:47, MOVE, v:1, k:ed@queimada, mode:EDIT
2026-05-27 20:33:24, EXEC, v:1, k:ed@queimada, mode:FULL, rate:100, size:51
2026-05-27 20:37:31, MOVE, v:1, k:ed@queimada, mode:EDIT
2026-05-27 20:41:04, EXEC, v:1, k:ed@queimada, mode:FULL, rate:100, size:56
2026-05-27 20:41:05, MOVE, v:1, k:ed@queimada, mode:BACK
2026-05-27 20:41:17, SELF, v:1, k:ed@queimada, self:1, rate:100
