2026-06-04 12:51:23, MOVE, v:1, k:ed@setbuild, mode:DOWN
2026-06-04 12:51:30, MOVE, v:1, k:ed@setbuild, mode:PICK
2026-06-04 12:51:23, MOVE, v:1, k:ed@setbuild, mode:EDIT
2026-06-04 12:51:23, MOVE, v:1, k:ed@setbuild, mode:EDIT
2026-06-04 12:55:37, MOVE, v:1, k:ed@setbuild, mode:EDIT
2026-06-04 12:51:23, MOVE, v:1, k:ed@setbuild, mode:EDIT
2026-06-04 12:58:43, MOVE, v:1, k:ed@setbuild, mode:BACK
2026-06-04 12:58:45, MOVE, v:1, k:ed@vetbuild, mode:PICK
2026-06-04 13:01:04, MOVE, v:1, k:ed@setbuild, mode:EDIT
2026-06-04 13:02:32, MOVE, v:1, k:ed@vetbuild, mode:BACK
2026-06-04 13:02:35, MOVE, v:1, k:ed@setbuild, mode:PICK
2026-06-04 13:03:01, EXEC, v:1, k:ed@setbuild, mode:FULL, size:60, fail:COMP
2026-06-04 13:04:30, MOVE, v:1, k:ed@setbuild, mode:EDIT
2026-06-04 13:10:23, MOVE, v:1, k:ed@setbuild, mode:EDIT
2026-06-04 13:16:03, MOVE, v:1, k:ed@setbuild, mode:EDIT
2026-06-04 13:19:36, MOVE, v:1, k:ed@setbuild, mode:EDIT
2026-06-04 13:25:43, MOVE, v:1, k:ed@setbuild, mode:EDIT
2026-06-04 13:31:01, MOVE, v:1, k:ed@setbuild, mode:EDIT
2026-06-04 13:34:19, MOVE, v:1, k:ed@setbuild, mode:EDIT
2026-06-04 13:37:12, EXEC, v:1, k:ed@setbuild, mode:FULL, rate:0, size:127
2026-06-04 13:39:58, EXEC, v:1, k:ed@setbuild, mode:FULL, rate:33, size:139
2026-06-04 13:40:24, MOVE, v:1, k:ed@setbuild, mode:BACK
2026-06-04 13:40:59, MOVE, v:1, k:ed@setbuild, mode:EDIT
2026-06-04 13:43:42, MOVE, v:1, k:ed@setbuild, mode:PICK
2026-06-04 13:43:52, EXEC, v:1, k:ed@setbuild, mode:FULL, rate:33, size:161
2026-06-04 13:44:17, EXEC, v:1, k:ed@setbuild, mode:FULL, rate:33, size:162
2026-06-04 13:44:56, EXEC, v:1, k:ed@setbuild, mode:FULL, rate:66, size:164
2026-06-04 13:45:21, MOVE, v:1, k:ed@setbuild, mode:BACK
2026-06-04 13:45:23, MOVE, v:1, k:ed@vetbuild, mode:PICK
2026-06-04 13:44:53, MOVE, v:1, k:ed@setbuild, mode:EDIT
2026-06-04 13:47:41, EXEC, v:1, k:ed@vetbuild, mode:FULL, rate:100
2026-06-04 13:47:47, MOVE, v:1, k:ed@vetbuild, mode:BACK
2026-06-04 13:47:49, MOVE, v:1, k:ed@setbuild, mode:PICK
2026-06-04 13:47:53, EXEC, v:1, k:ed@setbuild, mode:FULL, rate:66, size:169
2026-06-04 13:48:10, EXEC, v:1, k:ed@setbuild, mode:FREE
2026-06-04 13:49:14, EXEC, v:1, k:ed@setbuild, mode:FULL, rate:66, size:171
2026-06-04 13:50:02, EXEC, v:1, k:ed@setbuild, mode:FULL, rate:100, size:173
2026-06-04 13:50:56, MOVE, v:1, k:ed@setbuild, mode:EDIT
2026-06-04 13:51:16, EXEC, v:1, k:ed@setbuild, mode:FULL, rate:100, size:178
2026-06-04 13:52:02, MOVE, v:1, k:ed@setbuild, mode:BACK
2026-06-04 13:52:11, SELF, v:1, k:ed@setbuild, self:1, rate:100, concept:1
2026-06-04 13:56:01, MOVE, v:1, k:ed@bettersearch, mode:DOWN
2026-06-04 13:56:02, MOVE, v:1, k:ed@bettersearch, mode:PICK
2026-06-04 13:56:01, MOVE, v:1, k:ed@bettersearch, mode:EDIT
2026-06-04 13:56:01, MOVE, v:1, k:ed@bettersearch, mode:EDIT
2026-06-04 13:56:01, MOVE, v:1, k:ed@bettersearch, mode:EDIT
2026-06-04 14:02:14, MOVE, v:1, k:ed@bettersearch, mode:EDIT
2026-06-04 14:03:14, MOVE, v:1, k:ed@bettersearch, mode:PICK
2026-06-04 14:03:17, EXEC, v:1, k:ed@bettersearch, mode:FULL, rate:63, size:46
2026-06-04 14:03:48, EXEC, v:1, k:ed@bettersearch, mode:FULL, rate:63
2026-06-04 14:04:00, EXEC, v:1, k:ed@bettersearch, mode:FULL, rate:100, size:46
2026-06-04 14:04:37, EXEC, v:1, k:ed@bettersearch, mode:FULL, rate:100, size:47
2026-06-04 14:04:40, MOVE, v:1, k:ed@bettersearch, mode:BACK
2026-06-04 14:04:45, MOVE, v:1, k:ed@bettersearch, mode:PICK
2026-06-04 14:04:48, EXEC, v:1, k:ed@bettersearch, mode:FULL, rate:100
2026-06-04 14:05:00, EXEC, v:1, k:ed@bettersearch, mode:FULL, rate:63, size:47
2026-06-04 14:05:13, EXEC, v:1, k:ed@bettersearch, mode:FULL, rate:63, size:48
2026-06-04 14:05:10, MOVE, v:1, k:ed@bettersearch, mode:EDIT
2026-06-04 14:26:31, EXEC, v:1, k:ed@bettersearch, mode:FULL, rate:100, size:48
2026-06-04 14:26:33, MOVE, v:1, k:ed@bettersearch, mode:BACK
2026-06-04 14:27:12, SELF, v:1, k:ed@bettersearch, self:1, rate:100, concept:1
2026-06-04 14:27:52, MOVE, v:1, k:ed@especiais, mode:DOWN
2026-06-04 14:26:59, MOVE, v:1, k:ed@bettersearch, mode:EDIT
2026-06-04 14:27:52, MOVE, v:1, k:ed@especiais, mode:EDIT
2026-06-04 14:27:52, MOVE, v:1, k:ed@especiais, mode:EDIT
2026-06-04 14:27:52, MOVE, v:1, k:ed@especiais, mode:EDIT
2026-06-04 14:27:57, MOVE, v:1, k:ed@especiais, mode:PICK
2026-06-04 14:28:54, MOVE, v:1, k:ed@especiais, mode:BACK
2026-06-04 14:29:49, MOVE, v:1, k:ed@multiset, mode:DOWN
2026-06-04 14:29:51, MOVE, v:1, k:ed@multiset, mode:PICK
2026-06-04 14:32:05, EXEC, v:1, k:ed@multiset, mode:FULL, rate:0, size:66
2026-06-04 14:29:49, MOVE, v:1, k:ed@multiset, mode:EDIT
2026-06-04 14:29:49, MOVE, v:1, k:ed@multiset, mode:EDIT
2026-06-04 14:32:57, MOVE, v:1, k:ed@multiset, mode:EDIT
2026-06-04 14:29:49, MOVE, v:1, k:ed@multiset, mode:EDIT
2026-06-04 14:33:23, MOVE, v:1, k:ed@multiset, mode:BACK
2026-06-04 14:33:29, MOVE, v:1, k:ed@bettersearch, mode:PICK
2026-06-04 14:33:51, MOVE, v:1, k:ed@bettersearch, mode:BACK
2026-06-04 14:33:54, MOVE, v:1, k:ed@vetbuild, mode:PICK
2026-06-04 14:35:18, MOVE, v:1, k:ed@vetbuild, mode:BACK
2026-06-04 14:35:22, MOVE, v:1, k:ed@multiset, mode:PICK
2026-06-04 14:35:13, MOVE, v:1, k:ed@multiset, mode:EDIT
