2026-06-26 17:27:41, MOVE, v:1, k:ed@pilha, mode:PICK
2026-06-26 17:28:11, MOVE, v:1, k:ed@pilha, mode:BACK
2026-06-26 17:28:51, MOVE, v:1, k:ed@chaves, mode:DOWN
2026-06-26 17:28:54, MOVE, v:1, k:ed@chaves, mode:PICK
2026-06-26 17:28:01, MOVE, v:1, k:ed@pilha, mode:EDIT
2026-06-26 17:28:51, MOVE, v:1, k:ed@chaves, mode:EDIT
2026-06-26 17:28:51, MOVE, v:1, k:ed@chaves, mode:EDIT
2026-06-26 17:28:51, MOVE, v:1, k:ed@chaves, mode:EDIT
2026-06-26 17:37:16, MOVE, v:1, k:ed@chaves, mode:EDIT
2026-06-26 17:42:17, MOVE, v:1, k:ed@chaves, mode:EDIT
2026-06-26 17:42:26, MOVE, v:1, k:ed@chaves, mode:BACK
2026-06-26 17:42:40, MOVE, v:1, k:ed@chaves, mode:PICK
2026-06-26 17:42:43, EXEC, v:1, k:ed@chaves, mode:FULL, rate:0, size:81
2026-06-26 17:42:56, EXEC, v:1, k:ed@chaves, mode:FULL, rate:0
2026-06-26 17:42:58, EXEC, v:1, k:ed@chaves, mode:FULL, rate:0
2026-06-26 17:43:04, EXEC, v:1, k:ed@chaves, mode:FULL, rate:0
2026-06-26 17:43:34, EXEC, v:1, k:ed@chaves, mode:FULL, rate:0, size:84
2026-06-26 17:43:39, EXEC, v:1, k:ed@chaves, mode:FULL, rate:0
2026-06-26 17:43:47, MOVE, v:1, k:ed@chaves, mode:EDIT
2026-06-26 17:48:50, MOVE, v:1, k:ed@chaves, mode:EDIT
2026-06-26 17:54:59, EXEC, v:1, k:ed@chaves, mode:FULL, rate:0
2026-06-26 18:00:08, EXEC, v:1, k:ed@chaves, mode:FULL, rate:100, size:84
2026-06-26 18:00:09, MOVE, v:1, k:ed@chaves, mode:BACK
2026-06-26 18:00:34, SELF, v:1, k:ed@chaves, self:1, rate:100
2026-06-26 18:01:30, MOVE, v:1, k:ed@queimando, mode:PICK
2026-06-26 18:00:06, MOVE, v:1, k:ed@chaves, mode:EDIT
2026-06-26 18:06:42, MOVE, v:1, k:ed@queimando, mode:EDIT
2026-06-26 18:07:47, MOVE, v:1, k:ed@queimando, mode:EDIT
2026-06-26 18:18:20, MOVE, v:1, k:ed@queimando, mode:EDIT
2026-06-26 18:27:16, MOVE, v:1, k:ed@queimando, mode:EDIT
2026-06-26 18:30:15, EXEC, v:1, k:ed@queimando, mode:FULL, rate:60, size:115
2026-06-26 18:31:07, EXEC, v:1, k:ed@queimando, mode:FULL, rate:100, size:115
2026-06-26 18:31:34, EXEC, v:1, k:ed@queimando, mode:FULL, rate:100, size:115
2026-06-26 18:31:36, MOVE, v:1, k:ed@queimando, mode:BACK
2026-06-26 18:32:20, MOVE, v:1, k:ed@queimando, mode:PICK
2026-06-26 18:32:18, MOVE, v:1, k:ed@queimando, mode:EDIT
2026-06-26 18:32:25, EXEC, v:1, k:ed@queimando, mode:FULL, rate:60, size:115
2026-06-26 18:37:12, EXEC, v:1, k:ed@queimando, mode:FULL, rate:40, size:111
2026-06-26 18:37:07, MOVE, v:1, k:ed@queimando, mode:EDIT
2026-06-26 18:37:31, EXEC, v:1, k:ed@queimando, mode:FULL, rate:40, size:111
2026-06-26 18:37:44, EXEC, v:1, k:ed@queimando, mode:FULL, rate:100, size:111
2026-06-26 18:37:49, MOVE, v:1, k:ed@queimando, mode:BACK
2026-06-26 18:38:13, SELF, v:1, k:ed@queimando, self:1, rate:100
2026-06-26 18:40:07, MOVE, v:1, k:ed@pilhado, mode:PICK
2026-06-26 18:37:43, MOVE, v:1, k:ed@queimando, mode:EDIT
2026-06-26 18:42:20, MOVE, v:1, k:ed@pilhado, mode:EDIT
2026-06-26 18:47:18, MOVE, v:1, k:ed@pilhado, mode:EDIT
2026-06-26 18:48:04, EXEC, v:1, k:ed@pilhado, mode:FULL, size:77, fail:COMP
2026-06-26 18:48:43, EXEC, v:1, k:ed@pilhado, mode:FULL, size:76, fail:COMP
2026-06-26 18:50:53, EXEC, v:1, k:ed@pilhado, mode:FULL, size:84, fail:COMP
2026-06-26 18:52:16, MOVE, v:1, k:ed@pilhado, mode:EDIT
2026-06-26 18:54:34, EXEC, v:1, k:ed@pilhado, mode:FULL, size:104, fail:COMP
2026-06-26 18:57:21, MOVE, v:1, k:ed@pilhado, mode:EDIT
2026-06-26 19:00:53, EXEC, v:1, k:ed@pilhado, mode:FULL, size:118, fail:COMP
2026-06-26 19:02:18, EXEC, v:1, k:ed@pilhado, mode:FULL, rate:0, size:125
2026-06-26 19:02:16, MOVE, v:1, k:ed@pilhado, mode:EDIT
2026-06-26 19:04:36, EXEC, v:1, k:ed@pilhado, mode:FULL, rate:0, size:132
2026-06-26 19:07:05, EXEC, v:1, k:ed@pilhado, mode:FULL, rate:0, size:138
2026-06-26 19:07:21, MOVE, v:1, k:ed@pilhado, mode:EDIT
2026-06-26 19:08:08, EXEC, v:1, k:ed@pilhado, mode:FULL, rate:0, size:143
2026-06-26 19:12:21, MOVE, v:1, k:ed@pilhado, mode:EDIT
2026-06-26 19:12:53, EXEC, v:1, k:ed@pilhado, mode:FULL, rate:0, size:144
2026-06-26 19:15:11, EXEC, v:1, k:ed@pilhado, mode:FULL, rate:100, size:140
2026-06-26 19:15:23, MOVE, v:1, k:ed@pilhado, mode:BACK
2026-06-26 19:15:40, SELF, v:1, k:ed@pilhado, self:1, rate:100
