2026-05-18 20:49:40, MOVE, v:1, k:ed@vetbuild, mode:PICK
2026-05-18 20:49:42, MOVE, v:1, k:ed@vetbuild, mode:BACK
2026-05-18 20:49:52, MOVE, v:1, k:ed@distancia, mode:DOWN
2026-05-18 20:49:53, MOVE, v:1, k:ed@distancia, mode:PICK
2026-05-18 20:49:52, MOVE, v:1, k:ed@distancia, mode:EDIT
2026-05-18 20:49:52, MOVE, v:1, k:ed@distancia, mode:EDIT
2026-05-18 20:49:52, MOVE, v:1, k:ed@distancia, mode:EDIT
2026-05-18 20:55:16, MOVE, v:1, k:ed@distancia, mode:EDIT
2026-05-18 21:02:18, MOVE, v:1, k:ed@distancia, mode:EDIT
2026-05-18 21:07:17, MOVE, v:1, k:ed@distancia, mode:EDIT
2026-05-18 21:10:11, EXEC, v:1, k:ed@distancia, mode:FULL, size:86, fail:COMP
2026-05-18 21:12:14, MOVE, v:1, k:ed@distancia, mode:EDIT
2026-05-18 21:13:11, EXEC, v:1, k:ed@distancia, mode:FULL, size:97, fail:COMP
2026-05-18 21:13:15, EXEC, v:1, k:ed@distancia, mode:FULL, fail:COMP
2026-05-18 21:13:15, EXEC, v:1, k:ed@distancia, mode:FULL, fail:COMP
2026-05-18 21:13:16, EXEC, v:1, k:ed@distancia, mode:FULL, fail:COMP
2026-05-18 21:13:16, EXEC, v:1, k:ed@distancia, mode:FULL, fail:COMP
2026-05-18 21:13:16, EXEC, v:1, k:ed@distancia, mode:FULL, fail:COMP
2026-05-18 21:13:16, EXEC, v:1, k:ed@distancia, mode:FULL, fail:COMP
2026-05-18 21:13:17, EXEC, v:1, k:ed@distancia, mode:FULL, fail:COMP
2026-05-18 21:13:17, EXEC, v:1, k:ed@distancia, mode:FULL, fail:COMP
2026-05-18 21:13:17, EXEC, v:1, k:ed@distancia, mode:FULL, fail:COMP
2026-05-18 21:13:17, EXEC, v:1, k:ed@distancia, mode:FULL, fail:COMP
2026-05-18 21:13:18, EXEC, v:1, k:ed@distancia, mode:FULL, fail:COMP
2026-05-18 21:13:18, EXEC, v:1, k:ed@distancia, mode:FULL, fail:COMP
2026-05-18 21:13:18, EXEC, v:1, k:ed@distancia, mode:FULL, fail:COMP
2026-05-18 21:13:18, EXEC, v:1, k:ed@distancia, mode:FULL, fail:COMP
2026-05-18 21:13:19, EXEC, v:1, k:ed@distancia, mode:FULL, fail:COMP
2026-05-18 21:13:19, EXEC, v:1, k:ed@distancia, mode:FULL, fail:COMP
2026-05-18 21:13:21, MOVE, v:1, k:ed@distancia, mode:BACK
2026-05-18 21:13:45, MOVE, v:1, k:ed@distancia, mode:PICK
2026-05-18 21:15:42, MOVE, v:1, k:ed@distancia, mode:EDIT
2026-05-18 21:27:35, MOVE, v:1, k:ed@distancia, mode:EDIT
2026-05-18 21:37:16, MOVE, v:1, k:ed@distancia, mode:EDIT
2026-05-18 21:42:20, MOVE, v:1, k:ed@distancia, mode:EDIT
2026-05-18 21:43:28, EXEC, v:1, k:ed@distancia, mode:FULL, size:153, fail:COMP
2026-05-18 21:43:34, EXEC, v:1, k:ed@distancia, mode:FULL, fail:COMP
2026-05-18 21:43:59, EXEC, v:1, k:ed@distancia, mode:FULL, size:153, fail:COMP
2026-05-18 21:45:47, EXEC, v:1, k:ed@distancia, mode:FULL, size:161, fail:COMP
2026-05-18 21:45:51, EXEC, v:1, k:ed@distancia, mode:FULL, fail:COMP
2026-05-18 21:46:06, EXEC, v:1, k:ed@distancia, mode:FULL, rate:0, size:154
2026-05-18 21:46:00, MOVE, v:1, k:ed@distancia, mode:EDIT
2026-05-18 21:48:28, MOVE, v:1, k:ed@distancia, mode:PICK
2026-05-18 21:48:37, EXEC, v:1, k:ed@distancia, mode:FULL, rate:0
2026-05-18 21:49:22, MOVE, v:1, k:ed@distancia, mode:PICK
2026-05-18 21:49:36, MOVE, v:1, k:ed@distancia, mode:EDIT
2026-05-18 21:58:57, EXEC, v:1, k:ed@distancia, mode:FULL, rate:100, size:64
2026-05-18 21:59:01, MOVE, v:1, k:ed@distancia, mode:BACK
2026-05-18 22:02:27, MOVE, v:1, k:ed@ilhas, mode:DOWN
2026-05-18 22:02:31, MOVE, v:1, k:ed@ilhas, mode:PICK
2026-05-18 22:02:27, MOVE, v:1, k:ed@ilhas, mode:EDIT
2026-05-18 22:02:27, MOVE, v:1, k:ed@ilhas, mode:EDIT
2026-05-18 22:03:42, MOVE, v:1, k:ed@ilhas, mode:EDIT
2026-05-18 22:04:13, MOVE, v:1, k:ed@ilhas, mode:BACK
2026-05-18 22:04:50, SELF, v:1, k:ed@distancia, self:1, rate:100, concept:1, problem:1
