2026-05-23 11:00:55, MOVE, v:1, k:ed@pintando, mode:PICK
2026-05-23 11:04:08, MOVE, v:1, k:ed@pintando, mode:EDIT
2026-05-23 11:09:10, MOVE, v:1, k:ed@pintando, mode:EDIT
2026-05-23 11:09:31, EXEC, v:1, k:ed@pintando, mode:FULL, rate:0, size:21
2026-05-23 11:11:07, EXEC, v:1, k:ed@pintando, mode:FULL, rate:100, size:19
2026-05-23 11:11:36, MOVE, v:1, k:ed@pintando, mode:BACK
2026-05-23 11:11:56, SELF, v:1, k:ed@pintando, self:1, rate:100
2026-05-23 11:12:02, MOVE, v:1, k:ed@mumia, mode:PICK
2026-05-23 11:12:08, EXEC, v:1, k:ed@mumia, mode:FULL, rate:100
2026-05-23 11:11:26, MOVE, v:1, k:ed@pintando, mode:EDIT
2026-05-23 11:14:12, MOVE, v:1, k:ed@mumia, mode:EDIT
2026-05-23 11:14:25, EXEC, v:1, k:ed@mumia, mode:FULL, rate:0, size:12
2026-05-23 11:16:18, EXEC, v:1, k:ed@mumia, mode:FULL, rate:0, size:14
2026-05-23 11:16:25, EXEC, v:1, k:ed@mumia, mode:FULL, rate:22, size:14
2026-05-23 11:19:10, EXEC, v:1, k:ed@mumia, mode:FULL, rate:33, size:30
2026-05-23 11:19:08, MOVE, v:1, k:ed@mumia, mode:EDIT
2026-05-23 11:21:13, EXEC, v:1, k:ed@mumia, mode:FULL, rate:100, size:22
2026-05-23 11:21:16, MOVE, v:1, k:ed@mumia, mode:BACK
2026-05-23 11:21:24, SELF, v:1, k:ed@mumia, self:1, rate:100
2026-05-23 11:21:43, MOVE, v:1, k:ed@fuga, mode:PICK
2026-05-23 11:21:12, MOVE, v:1, k:ed@mumia, mode:EDIT
2026-05-23 11:23:27, MOVE, v:1, k:ed@fuga, mode:EDIT
2026-05-23 11:34:08, MOVE, v:1, k:ed@fuga, mode:EDIT
2026-05-23 11:39:02, EXEC, v:1, k:ed@fuga, mode:FULL, rate:100, size:37
2026-05-23 11:38:59, MOVE, v:1, k:ed@fuga, mode:EDIT
2026-05-23 11:43:26, EXEC, v:1, k:ed@fuga, mode:FULL, rate:100, size:40
2026-05-23 11:44:00, MOVE, v:1, k:ed@fuga, mode:BACK
2026-05-23 11:44:08, SELF, v:1, k:ed@fuga, self:1, rate:100
2026-05-23 11:44:13, MOVE, v:1, k:ed@pedra, mode:PICK
2026-05-23 11:43:20, MOVE, v:1, k:ed@fuga, mode:EDIT
2026-05-23 11:49:14, MOVE, v:1, k:ed@pedra, mode:EDIT
2026-05-23 11:50:55, EXEC, v:1, k:ed@pedra, mode:FULL, rate:0, size:21
2026-05-23 11:52:08, EXEC, v:1, k:ed@pedra, mode:FULL, rate:0, size:23
2026-05-23 11:54:14, MOVE, v:1, k:ed@pedra, mode:EDIT
2026-05-23 11:54:30, EXEC, v:1, k:ed@pedra, mode:FULL, rate:0, size:28
2026-05-23 11:55:01, EXEC, v:1, k:ed@pedra, mode:FULL, rate:0, size:28
2026-05-23 11:59:13, MOVE, v:1, k:ed@pedra, mode:EDIT
2026-05-23 12:03:09, EXEC, v:1, k:ed@pedra, mode:FULL, rate:100, size:45
2026-05-23 12:04:03, SELF, v:1, k:ed@pedra, self:1, rate:100
2026-05-23 12:04:04, MOVE, v:1, k:ed@pedra, mode:BACK
2026-05-23 12:02:55, MOVE, v:1, k:ed@pedra, mode:EDIT
2026-05-23 12:04:16, MOVE, v:1, k:ed@casais, mode:PICK
2026-05-23 12:04:51, MOVE, v:1, k:ed@casais, mode:EDIT
2026-05-23 12:46:50, EXEC, v:1, k:ed@casais, mode:FULL, rate:0, size:15
2026-05-23 12:47:10, EXEC, v:1, k:ed@casais, mode:FULL, rate:0, size:15
2026-05-23 12:49:03, MOVE, v:1, k:ed@casais, mode:EDIT
2026-05-23 12:51:18, MOVE, v:1, k:ed@casais, mode:EDIT
2026-05-23 12:59:01, EXEC, v:1, k:ed@casais, mode:FULL, rate:0, size:27
2026-05-23 12:58:57, MOVE, v:1, k:ed@casais, mode:EDIT
2026-05-23 12:59:33, EXEC, v:1, k:ed@casais, mode:FULL, rate:0, size:27
2026-05-23 12:59:59, EXEC, v:1, k:ed@casais, mode:FULL, rate:0, size:27
2026-05-23 13:00:17, EXEC, v:1, k:ed@casais, mode:FULL, rate:0, size:27
2026-05-23 13:00:44, EXEC, v:1, k:ed@casais, mode:FULL, rate:0, size:27
2026-05-23 13:01:25, EXEC, v:1, k:ed@casais, mode:FULL, rate:0, size:27
2026-05-23 13:01:21, MOVE, v:1, k:ed@casais, mode:EDIT
2026-05-23 13:05:24, EXEC, v:1, k:ed@casais, mode:FULL, rate:0, size:28
2026-05-23 13:07:00, EXEC, v:1, k:ed@casais, mode:FULL, rate:0, size:28
2026-05-23 13:06:57, MOVE, v:1, k:ed@casais, mode:EDIT
2026-05-23 13:09:45, EXEC, v:1, k:ed@casais, mode:FULL, rate:0, size:28
2026-05-23 13:11:19, EXEC, v:1, k:ed@casais, mode:FULL, rate:0, size:28
2026-05-23 13:12:09, EXEC, v:1, k:ed@casais, mode:FULL, rate:100, size:27
2026-05-23 13:13:37, MOVE, v:1, k:ed@casais, mode:EDIT
2026-05-23 13:17:07, EXEC, v:1, k:ed@casais, mode:FULL, rate:0, size:26
2026-05-23 13:17:17, EXEC, v:1, k:ed@casais, mode:FULL, rate:100, size:27
2026-05-23 13:17:24, SELF, v:1, k:ed@casais, self:1, rate:100
2026-05-23 13:17:25, MOVE, v:1, k:ed@casais, mode:BACK
2026-05-23 13:18:12, SELF, v:1, k:ed@gomos, self:1, rate:100, concept:1, problem:1, code:1
2026-05-23 13:18:25, MOVE, v:1, k:ed@baruel, mode:PICK
2026-05-23 13:17:13, MOVE, v:1, k:ed@casais, mode:EDIT
2026-05-23 13:19:02, MOVE, v:1, k:ed@baruel, mode:EDIT
2026-05-23 13:24:20, MOVE, v:1, k:ed@baruel, mode:EDIT
2026-05-23 13:24:50, EXEC, v:1, k:ed@baruel, mode:FULL, rate:0, size:14
2026-05-23 13:27:17, EXEC, v:1, k:ed@baruel, mode:FULL, rate:0, size:20
2026-05-23 13:27:29, MOVE, v:1, k:ed@baruel, mode:EDIT
2026-05-23 13:34:19, MOVE, v:1, k:ed@baruel, mode:EDIT
2026-05-23 13:34:39, EXEC, v:1, k:ed@baruel, mode:FULL, rate:0, size:27
2026-05-23 13:39:20, MOVE, v:1, k:ed@baruel, mode:EDIT
2026-05-23 13:44:16, MOVE, v:1, k:ed@baruel, mode:EDIT
2026-05-23 13:48:44, MOVE, v:1, k:ed@baruel, mode:EDIT
2026-05-23 13:54:21, MOVE, v:1, k:ed@baruel, mode:EDIT
2026-05-23 13:54:45, EXEC, v:1, k:ed@baruel, mode:FULL, rate:0, size:34
2026-05-23 13:55:27, EXEC, v:1, k:ed@baruel, mode:FULL, rate:0, size:34
2026-05-23 13:56:38, MOVE, v:1, k:ed@baruel, mode:EDIT
2026-05-23 14:04:08, MOVE, v:1, k:ed@baruel, mode:EDIT
2026-05-23 14:09:11, EXEC, v:1, k:ed@baruel, mode:FULL, rate:0, size:41
2026-05-23 14:09:06, MOVE, v:1, k:ed@baruel, mode:EDIT
2026-05-23 14:12:43, EXEC, v:1, k:ed@baruel, mode:FULL, size:48, fail:COMP
2026-05-23 14:13:19, MOVE, v:1, k:ed@baruel, mode:BACK
2026-05-23 14:13:39, MOVE, v:1, k:ed@baruel, mode:PICK
2026-05-23 14:13:00, MOVE, v:1, k:ed@baruel, mode:EDIT
2026-05-23 15:30:06, MOVE, v:1, k:ed@baruel, mode:EDIT
2026-05-23 15:30:11, EXEC, v:1, k:ed@baruel, mode:FULL, rate:0, size:42
2026-05-23 15:35:06, MOVE, v:1, k:ed@baruel, mode:EDIT
2026-05-23 15:35:31, EXEC, v:1, k:ed@baruel, mode:FULL, rate:0, size:39
2026-05-23 15:40:03, EXEC, v:1, k:ed@baruel, mode:FULL, rate:50, size:43
2026-05-23 15:40:01, MOVE, v:1, k:ed@baruel, mode:EDIT
2026-05-23 15:42:26, EXEC, v:1, k:ed@baruel, mode:FULL, rate:50, size:47
2026-05-23 15:43:26, EXEC, v:1, k:ed@baruel, mode:FULL, rate:75, size:47
2026-05-23 15:45:10, MOVE, v:1, k:ed@baruel, mode:EDIT
2026-05-23 15:46:48, EXEC, v:1, k:ed@baruel, mode:FULL, rate:0, size:57
2026-05-23 15:47:14, EXEC, v:1, k:ed@baruel, mode:FULL, rate:50, size:58
2026-05-23 15:48:04, EXEC, v:1, k:ed@baruel, mode:FULL, rate:25, size:58
2026-05-23 15:48:16, EXEC, v:1, k:ed@baruel, mode:FULL, rate:50, size:58
2026-05-23 15:49:30, EXEC, v:1, k:ed@baruel, mode:FULL, rate:50, size:58
2026-05-23 15:49:50, MOVE, v:1, k:ed@baruel, mode:EDIT
2026-05-23 15:50:58, EXEC, v:1, k:ed@baruel, mode:FULL, rate:100, size:52
2026-05-23 15:51:19, MOVE, v:1, k:ed@baruel, mode:BACK
2026-05-23 15:51:31, SELF, v:1, k:ed@baruel, self:1, rate:100
2026-05-23 15:51:55, MOVE, v:1, k:ed@gomos, mode:PICK
2026-05-23 15:52:10, SELF, v:1, k:ed@gomos, self:1, rate:100
2026-05-23 15:52:11, MOVE, v:1, k:ed@gomos, mode:BACK
2026-05-23 15:53:30, MOVE, v:1, k:ed@princesa, mode:PICK
2026-05-23 15:54:01, MOVE, v:1, k:ed@princesa, mode:EDIT
