2026-06-23 11:14:25, MOVE, v:1, k:ed@lista_d3, mode:PICK
2026-06-23 11:14:55, EXEC, v:1, k:ed@lista_d3, mode:FULL, rate:0
2026-06-23 11:18:20, MOVE, v:1, k:ed@lista_d3, mode:EDIT
2026-06-23 11:19:34, EXEC, v:1, k:ed@lista_d3, mode:FULL, rate:0, size:138
2026-06-23 11:23:23, MOVE, v:1, k:ed@lista_d3, mode:EDIT
2026-06-23 11:23:28, EXEC, v:1, k:ed@lista_d3, mode:FULL, rate:0, size:138
2026-06-23 11:23:50, EXEC, v:1, k:ed@lista_d3, mode:FULL, rate:0, size:138
2026-06-23 11:24:03, EXEC, v:1, k:ed@lista_d3, mode:FULL, rate:0, size:138
2026-06-23 11:26:46, MOVE, v:1, k:ed@lista_d3, mode:EDIT
2026-06-23 11:41:51, MOVE, v:1, k:ed@lista_d3, mode:EDIT
2026-06-23 11:52:29, EXEC, v:1, k:ed@lista_d3, mode:FULL, rate:0, size:151
2026-06-23 11:53:20, EXEC, v:1, k:ed@lista_d3, mode:FULL, rate:0, size:151
2026-06-23 11:53:18, MOVE, v:1, k:ed@lista_d3, mode:EDIT
2026-06-23 11:54:44, EXEC, v:1, k:ed@lista_d3, mode:FULL, rate:25, size:152
2026-06-23 11:56:56, EXEC, v:1, k:ed@lista_d3, mode:FULL, rate:25, size:153
2026-06-23 11:58:23, MOVE, v:1, k:ed@lista_d3, mode:EDIT
2026-06-23 12:02:31, EXEC, v:1, k:ed@lista_d3, mode:FULL, rate:25, size:171
2026-06-23 12:02:45, EXEC, v:1, k:ed@lista_d3, mode:FULL, rate:25, size:171
2026-06-23 12:02:44, MOVE, v:1, k:ed@lista_d3, mode:EDIT
2026-06-23 12:08:24, MOVE, v:1, k:ed@lista_d3, mode:EDIT
2026-06-23 12:08:41, EXEC, v:1, k:ed@lista_d3, mode:FULL, rate:100, size:180
2026-06-23 12:08:54, MOVE, v:1, k:ed@lista_d3, mode:BACK
2026-06-23 12:09:14, SELF, v:1, k:ed@lista_d3, self:1, rate:100
2026-06-23 12:10:14, MOVE, v:1, k:ed@subset_sum, mode:DOWN
2026-06-23 12:10:16, MOVE, v:1, k:ed@subset_sum, mode:PICK
2026-06-23 12:11:12, MOVE, v:1, k:ed@subset_sum, mode:BACK
2026-06-23 12:11:54, MOVE, v:1, k:ed@subset_sum, mode:PICK
2026-06-23 12:11:58, EXEC, v:1, k:ed@subset_sum, mode:FULL, rate:0, size:5
2026-06-23 12:08:33, MOVE, v:1, k:ed@lista_d3, mode:EDIT
2026-06-23 12:10:14, MOVE, v:1, k:ed@subset_sum, mode:EDIT
2026-06-23 12:18:25, MOVE, v:1, k:ed@subset_sum, mode:EDIT
2026-06-23 12:23:24, MOVE, v:1, k:ed@subset_sum, mode:EDIT
2026-06-23 12:23:51, MOVE, v:1, k:ed@subset_sum, mode:EDIT
2026-06-23 12:33:23, MOVE, v:1, k:ed@subset_sum, mode:EDIT
2026-06-23 12:37:51, EXEC, v:1, k:ed@subset_sum, mode:FULL, rate:48, size:62
2026-06-23 12:38:18, EXEC, v:1, k:ed@subset_sum, mode:FULL, rate:48
2026-06-23 12:37:50, MOVE, v:1, k:ed@subset_sum, mode:EDIT
2026-06-23 12:41:35, EXEC, v:1, k:ed@subset_sum, mode:FULL, rate:96, size:62
2026-06-23 12:43:09, MOVE, v:1, k:ed@subset_sum, mode:PICK
2026-06-23 12:43:12, EXEC, v:1, k:ed@subset_sum, mode:FULL, rate:96
2026-06-23 12:47:57, MOVE, v:1, k:ed@subset_sum, mode:EDIT
2026-06-23 12:51:22, EXEC, v:1, k:ed@subset_sum, mode:FULL, rate:100, size:76
2026-06-23 12:51:27, MOVE, v:1, k:ed@subset_sum, mode:BACK
2026-06-23 12:51:53, SELF, v:1, k:ed@subset_sum, self:1, rate:100
2026-06-23 12:52:14, MOVE, v:1, k:ed@distancia, mode:PICK
2026-06-23 12:51:19, MOVE, v:1, k:ed@subset_sum, mode:EDIT
2026-06-23 12:58:32, MOVE, v:1, k:ed@distancia, mode:BACK
2026-06-23 13:01:42, MOVE, v:1, k:ed@distancia, mode:PICK
2026-06-23 13:01:48, MOVE, v:1, k:ed@distancia, mode:BACK
2026-06-23 13:01:54, MOVE, v:1, k:ed@wordsearch, mode:PICK
2026-06-23 13:07:06, MOVE, v:1, k:ed@wordsearch, mode:EDIT
2026-06-23 13:32:59, MOVE, v:1, k:ed@wordsearch, mode:EDIT
2026-06-23 13:37:32, MOVE, v:1, k:ed@wordsearch, mode:EDIT
2026-06-23 13:41:53, EXEC, v:1, k:ed@wordsearch, mode:FULL, size:95, fail:COMP
2026-06-23 13:42:14, EXEC, v:1, k:ed@wordsearch, mode:FULL, rate:25, size:97
2026-06-23 13:42:26, EXEC, v:1, k:ed@wordsearch, mode:FULL, rate:75, size:97
2026-06-23 13:42:59, MOVE, v:1, k:ed@wordsearch, mode:EDIT
2026-06-23 13:43:12, EXEC, v:1, k:ed@wordsearch, mode:FULL, rate:75, size:99
2026-06-23 13:45:54, EXEC, v:1, k:ed@wordsearch, mode:FULL, rate:100, size:99
2026-06-23 13:45:57, MOVE, v:1, k:ed@wordsearch, mode:BACK
2026-06-23 13:46:17, SELF, v:1, k:ed@wordsearch, self:1, rate:100
2026-06-23 13:45:53, MOVE, v:1, k:ed@wordsearch, mode:EDIT
