2026-06-22 15:31:27, MOVE, v:1, k:ed@lista_d4, mode:DOWN
2026-06-22 15:31:27, MOVE, v:1, k:ed@lista_d4, mode:PICK
2026-06-22 15:34:44, EXEC, v:1, k:ed@lista_d4, mode:FULL, size:124, fail:COMP
2026-06-22 15:35:07, EXEC, v:1, k:ed@lista_d4, mode:FULL, size:125, fail:COMP
2026-06-22 15:31:27, MOVE, v:1, k:ed@lista_d4, mode:EDIT
2026-06-22 15:35:05, MOVE, v:1, k:ed@lista_d4, mode:EDIT
2026-06-22 15:40:00, EXEC, v:1, k:ed@lista_d4, mode:FULL, size:129, fail:COMP
2026-06-22 15:40:41, MOVE, v:1, k:ed@lista_d4, mode:EDIT
2026-06-22 15:41:34, EXEC, v:1, k:ed@lista_d4, mode:FULL, rate:0, size:129
2026-06-22 15:43:27, EXEC, v:1, k:ed@lista_d4, mode:FULL, rate:0, size:135
2026-06-22 15:45:43, MOVE, v:1, k:ed@lista_d4, mode:EDIT
2026-06-22 15:46:19, EXEC, v:1, k:ed@lista_d4, mode:FULL, rate:0, size:149
2026-06-22 15:48:19, EXEC, v:1, k:ed@lista_d4, mode:FULL, rate:0, size:158
2026-06-22 15:48:32, EXEC, v:1, k:ed@lista_d4, mode:FULL, rate:0, size:158
2026-06-22 15:49:08, EXEC, v:1, k:ed@lista_d4, mode:FULL, rate:66, size:158
2026-06-22 15:49:52, EXEC, v:1, k:ed@lista_d4, mode:FULL, size:158, fail:COMP
2026-06-22 15:50:42, MOVE, v:1, k:ed@lista_d4, mode:EDIT
2026-06-22 15:52:37, EXEC, v:1, k:ed@lista_d4, mode:FULL, rate:66, size:166
2026-06-22 15:52:54, EXEC, v:1, k:ed@lista_d4, mode:FULL, rate:100, size:166
2026-06-22 15:53:04, MOVE, v:1, k:ed@lista_d4, mode:BACK
2026-06-22 15:53:20, SELF, v:1, k:ed@lista_d4, self:1, rate:100
2026-06-22 15:54:07, MOVE, v:1, k:ed@lista_d3, mode:DOWN
2026-06-22 15:54:10, MOVE, v:1, k:ed@lista_d3, mode:PICK
2026-06-22 15:52:51, MOVE, v:1, k:ed@lista_d4, mode:EDIT
2026-06-22 15:54:07, MOVE, v:1, k:ed@lista_d3, mode:EDIT
2026-06-22 15:54:07, MOVE, v:1, k:ed@lista_d3, mode:EDIT
2026-06-22 16:00:34, EXEC, v:1, k:ed@lista_d3, mode:FULL, rate:0, size:126
2026-06-22 16:00:32, MOVE, v:1, k:ed@lista_d3, mode:EDIT
2026-06-22 16:01:14, EXEC, v:1, k:ed@lista_d3, mode:FULL, rate:0, size:126
2026-06-22 16:01:51, MOVE, v:1, k:ed@lista_d3, mode:BACK
