2026-05-29 12:41:35, MOVE, v:1, k:ed@fractais_png, mode:DOWN
2026-05-29 12:41:40, MOVE, v:1, k:ed@fractais_png, mode:DOWN
2026-05-29 12:41:41, MOVE, v:1, k:ed@fractais_png, mode:DOWN
2026-05-29 12:41:41, MOVE, v:1, k:ed@fractais_png, mode:DOWN
2026-05-29 12:41:41, MOVE, v:1, k:ed@fractais_png, mode:DOWN
2026-05-29 16:05:09, MOVE, v:1, k:ed@labirinto, mode:PICK
2026-05-29 16:08:30, MOVE, v:1, k:ed@labirinto, mode:EDIT
2026-05-29 16:14:57, MOVE, v:1, k:ed@labirinto, mode:EDIT
2026-05-29 16:19:58, MOVE, v:1, k:ed@labirinto, mode:EDIT
2026-05-29 16:20:46, MOVE, v:1, k:ed@labirinto, mode:BACK
2026-05-29 16:20:51, MOVE, v:1, k:ed@queimada, mode:PICK
2026-05-29 16:22:19, MOVE, v:1, k:ed@queimada, mode:BACK
2026-05-29 16:22:26, MOVE, v:1, k:ed@labirinto, mode:PICK
2026-05-29 16:22:32, EXEC, v:1, k:ed@labirinto, mode:FULL, size:83, fail:COMP
2026-05-29 16:24:55, MOVE, v:1, k:ed@labirinto, mode:EDIT
2026-05-29 16:26:33, EXEC, v:1, k:ed@labirinto, mode:FULL, rate:0, size:87
2026-05-29 16:29:57, MOVE, v:1, k:ed@labirinto, mode:EDIT
2026-05-29 16:34:58, MOVE, v:1, k:ed@labirinto, mode:EDIT
2026-05-29 16:36:30, EXEC, v:1, k:ed@labirinto, mode:FULL, rate:0, size:102
2026-05-29 16:37:07, EXEC, v:1, k:ed@labirinto, mode:FULL, rate:0, size:104
2026-05-29 16:38:18, EXEC, v:1, k:ed@labirinto, mode:FULL, rate:0, size:106
2026-05-29 16:39:40, EXEC, v:1, k:ed@labirinto, mode:FULL, rate:0, size:104
2026-05-29 16:39:50, EXEC, v:1, k:ed@labirinto, mode:FULL, rate:0, size:104
2026-05-29 16:39:49, MOVE, v:1, k:ed@labirinto, mode:EDIT
2026-05-29 16:40:25, EXEC, v:1, k:ed@labirinto, mode:FULL, rate:0, size:104
2026-05-29 16:40:32, EXEC, v:1, k:ed@labirinto, mode:FULL, rate:0, size:104
2026-05-29 16:42:08, MOVE, v:1, k:ed@labirinto, mode:EDIT
2026-05-29 16:45:09, EXEC, v:1, k:ed@labirinto, mode:FULL, rate:0, size:107
2026-05-29 16:45:37, EXEC, v:1, k:ed@labirinto, mode:FULL, rate:0, size:105
2026-05-29 16:50:00, EXEC, v:1, k:ed@labirinto, mode:FULL, rate:0, size:106
2026-05-29 16:49:57, MOVE, v:1, k:ed@labirinto, mode:EDIT
2026-05-29 16:50:33, EXEC, v:1, k:ed@labirinto, mode:FULL, rate:0, size:107
2026-05-29 16:51:36, EXEC, v:1, k:ed@labirinto, mode:FULL, rate:0, size:107
2026-05-29 16:52:39, EXEC, v:1, k:ed@labirinto, mode:FULL, rate:0, size:107
2026-05-29 16:52:46, EXEC, v:1, k:ed@labirinto, mode:FULL, rate:0, size:107
2026-05-29 16:54:12, EXEC, v:1, k:ed@labirinto, mode:FULL, rate:100, size:102
2026-05-29 16:54:40, SELF, v:1, k:ed@labirinto, self:1, rate:100
2026-05-29 16:54:41, MOVE, v:1, k:ed@labirinto, mode:BACK
2026-05-29 16:56:28, MOVE, v:1, k:ed@fractais_png, mode:DOWN
2026-05-29 16:56:28, MOVE, v:1, k:ed@fractais_png, mode:EDIT
2026-05-29 17:04:17, MOVE, v:1, k:ed@eh_primo, mode:PICK
2026-05-29 17:08:47, MOVE, v:1, k:ed@eh_primo, mode:EDIT
2026-05-29 17:13:48, EXEC, v:1, k:ed@eh_primo, mode:FULL, rate:100, size:35
2026-05-29 17:13:54, MOVE, v:1, k:ed@eh_primo, mode:BACK
2026-05-29 17:13:46, MOVE, v:1, k:ed@eh_primo, mode:EDIT
2026-05-29 17:15:23, MOVE, v:1, k:ed@fractais_png, mode:DOWN
2026-05-29 17:15:26, MOVE, v:1, k:ed@fractais_png, mode:DOWN
2026-05-29 17:16:55, MOVE, v:1, k:ed@fractais_png, mode:DOWN
2026-05-29 17:17:06, MOVE, v:1, k:ed@fractais_png, mode:DOWN
2026-05-29 17:17:07, MOVE, v:1, k:ed@fractais_png, mode:DOWN
2026-05-29 17:18:20, MOVE, v:1, k:ed@fractais_png, mode:DOWN
2026-05-29 17:18:33, MOVE, v:1, k:ed@fractais_png, mode:DOWN
2026-05-29 17:18:39, MOVE, v:1, k:ed@fractais_png, mode:DOWN
2026-05-29 17:18:40, MOVE, v:1, k:ed@fractais_png, mode:DOWN
2026-05-29 17:18:40, MOVE, v:1, k:ed@fractais_png, mode:DOWN
2026-05-29 17:18:40, MOVE, v:1, k:ed@fractais_png, mode:DOWN
2026-05-29 17:18:41, MOVE, v:1, k:ed@fractais_png, mode:DOWN
2026-05-29 17:18:41, MOVE, v:1, k:ed@fractais_png, mode:DOWN
2026-05-29 17:18:41, MOVE, v:1, k:ed@fractais_png, mode:DOWN
2026-05-29 17:18:41, MOVE, v:1, k:ed@fractais_png, mode:DOWN
2026-05-29 17:18:41, MOVE, v:1, k:ed@fractais_png, mode:DOWN
2026-05-29 17:18:41, MOVE, v:1, k:ed@fractais_png, mode:DOWN
2026-05-29 17:18:41, MOVE, v:1, k:ed@fractais_png, mode:DOWN
2026-05-29 17:18:42, MOVE, v:1, k:ed@fractais_png, mode:DOWN
2026-05-29 17:18:42, MOVE, v:1, k:ed@fractais_png, mode:DOWN
2026-05-29 17:18:42, MOVE, v:1, k:ed@fractais_png, mode:DOWN
2026-05-29 17:18:42, MOVE, v:1, k:ed@fractais_png, mode:DOWN
2026-05-29 17:18:42, MOVE, v:1, k:ed@fractais_png, mode:DOWN
2026-05-29 17:18:42, MOVE, v:1, k:ed@fractais_png, mode:DOWN
2026-05-29 17:18:43, MOVE, v:1, k:ed@fractais_png, mode:DOWN
2026-05-29 17:18:43, MOVE, v:1, k:ed@fractais_png, mode:DOWN
2026-05-29 17:18:43, MOVE, v:1, k:ed@fractais_png, mode:DOWN
2026-05-29 17:18:43, MOVE, v:1, k:ed@fractais_png, mode:DOWN
2026-05-29 17:18:43, MOVE, v:1, k:ed@fractais_png, mode:DOWN
2026-05-29 17:18:43, MOVE, v:1, k:ed@fractais_png, mode:DOWN
2026-05-29 17:18:44, MOVE, v:1, k:ed@fractais_png, mode:DOWN
2026-05-29 17:18:44, MOVE, v:1, k:ed@fractais_png, mode:DOWN
2026-05-29 17:18:44, MOVE, v:1, k:ed@fractais_png, mode:DOWN
2026-05-29 17:19:13, MOVE, v:1, k:sandbox@user_004, mode:PICK
2026-05-29 17:19:33, MOVE, v:1, k:sandbox@user_004, mode:BACK
2026-05-29 17:20:12, SELF, v:1, k:ed@fractais_png, self:1, rate:100
2026-05-29 17:20:25, SELF, v:1, k:ed@fractais_png, self:1
