2026-03-14 12:36:08, MOVE, v:1, k:ed@mumia, mode:DOWN
2026-03-14 12:36:09, MOVE, v:1, k:ed@mumia, mode:PICK
2026-03-14 12:43:05, EXEC, v:1, k:ed@mumia, mode:FREE, size:21
2026-03-14 12:43:52, EXEC, v:1, k:ed@mumia, mode:FULL, rate:100
2026-03-14 12:44:15, MOVE, v:1, k:ed@mumia, mode:BACK
2026-03-14 13:49:34, MOVE, v:1, k:ed@fuga, mode:DOWN
2026-03-14 13:49:34, MOVE, v:1, k:ed@fuga, mode:PICK
2026-03-14 14:04:55, EXEC, v:1, k:ed@fuga, mode:FREE, size:22
2026-03-14 14:05:57, EXEC, v:1, k:ed@fuga, mode:FREE, size:23
2026-03-14 14:06:16, EXEC, v:1, k:ed@fuga, mode:FULL, rate:100
2026-03-14 14:07:46, MOVE, v:1, k:ed@fuga, mode:BACK
2026-03-14 14:07:59, MOVE, v:1, k:ed@pedra, mode:DOWN
2026-03-14 14:08:00, MOVE, v:1, k:ed@pedra, mode:PICK
2026-03-14 14:26:10, MOVE, v:1, k:ed@pedra, mode:BACK
2026-03-14 16:59:39, MOVE, v:1, k:ed@pedra, mode:PICK
2026-03-14 17:34:02, EXEC, v:1, k:ed@pedra, mode:FREE, size:39
2026-03-14 17:34:50, EXEC, v:1, k:ed@pedra, mode:FULL, rate:75
2026-03-14 17:35:16, EXEC, v:1, k:ed@pedra, mode:FULL, rate:100, size:39
2026-03-14 17:37:01, MOVE, v:1, k:ed@pedra, mode:BACK
2026-03-14 17:37:20, MOVE, v:1, k:ed@casais, mode:DOWN
2026-03-14 17:37:21, MOVE, v:1, k:ed@casais, mode:PICK
2026-03-14 17:40:44, MOVE, v:1, k:ed@casais, mode:BACK
2026-03-14 17:42:04, SELF, v:1, k:ed@pintando, self:1, rate:100, concept:1
