2026-04-14 09:31:28, MOVE, v:1, k:ed@princesa, mode:PICK
2026-04-14 09:33:13, MOVE, v:1, k:ed@princesa, mode:BACK
2026-04-14 09:33:27, MOVE, v:1, k:ed@casais, mode:PICK
2026-04-14 09:32:42, MOVE, v:1, k:ed@princesa, mode:EDIT
2026-04-14 09:39:39, MOVE, v:1, k:ed@casais, mode:BACK
2026-04-14 09:39:56, MOVE, v:1, k:ed@baruel, mode:PICK
2026-04-14 09:44:58, MOVE, v:1, k:ed@baruel, mode:EDIT
2026-04-14 09:49:48, MOVE, v:1, k:ed@baruel, mode:EDIT
2026-04-14 09:55:03, MOVE, v:1, k:ed@baruel, mode:EDIT
2026-04-14 09:57:09, MOVE, v:1, k:ed@baruel, mode:EDIT
2026-04-14 10:02:43, MOVE, v:1, k:ed@baruel, mode:EDIT
2026-04-14 10:10:04, MOVE, v:1, k:ed@baruel, mode:EDIT
2026-04-14 10:10:16, EXEC, v:1, k:ed@baruel, mode:FULL, rate:100, size:51
2026-04-14 10:10:30, MOVE, v:1, k:ed@baruel, mode:BACK
2026-04-14 10:13:45, MOVE, v:1, k:eval1@casais, mode:DOWN
2026-04-14 10:13:46, MOVE, v:1, k:eval1@casais, mode:PICK
2026-04-14 10:13:46, EXEC, v:1, k:eval1@casais, mode:FULL, rate:0, size:5
2026-04-14 10:13:45, MOVE, v:1, k:eval1@casais, mode:EDIT
2026-04-14 10:13:45, MOVE, v:1, k:eval1@casais, mode:EDIT
2026-04-14 10:16:56, MOVE, v:1, k:eval1@casais, mode:EDIT
2026-04-14 10:21:33, EXEC, v:1, k:eval1@casais, mode:FREE, size:30
2026-04-14 10:21:29, MOVE, v:1, k:eval1@casais, mode:EDIT
2026-04-14 10:24:59, MOVE, v:1, k:eval1@casais, mode:EDIT
2026-04-14 10:27:05, EXEC, v:1, k:eval1@casais, mode:FULL, rate:100, size:30
2026-04-14 10:27:15, MOVE, v:1, k:eval1@casais, mode:BACK
2026-04-14 10:27:31, SELF, v:1, k:eval1@casais, self:1, rate:100
2026-04-14 10:27:48, MOVE, v:1, k:eval1@triangulo, mode:DOWN
2026-04-14 10:27:48, MOVE, v:1, k:eval1@triangulo, mode:PICK
2026-04-14 10:30:53, MOVE, v:1, k:eval1@triangulo, mode:BACK
2026-04-14 10:31:03, MOVE, v:1, k:eval1@queimada, mode:DOWN
2026-04-14 10:31:04, MOVE, v:1, k:eval1@queimada, mode:PICK
2026-04-14 10:31:39, MOVE, v:1, k:eval1@queimada, mode:BACK
2026-04-14 10:31:50, MOVE, v:1, k:eval1@baruel, mode:DOWN
2026-04-14 10:31:52, MOVE, v:1, k:eval1@baruel, mode:PICK
2026-04-14 10:27:48, MOVE, v:1, k:eval1@triangulo, mode:EDIT
2026-04-14 10:27:48, MOVE, v:1, k:eval1@triangulo, mode:EDIT
2026-04-14 10:27:48, MOVE, v:1, k:eval1@triangulo, mode:EDIT
2026-04-14 10:31:03, MOVE, v:1, k:eval1@queimada, mode:EDIT
2026-04-14 10:31:03, MOVE, v:1, k:eval1@queimada, mode:EDIT
2026-04-14 10:31:03, MOVE, v:1, k:eval1@queimada, mode:EDIT
2026-04-14 10:31:50, MOVE, v:1, k:eval1@baruel, mode:EDIT
2026-04-14 10:31:50, MOVE, v:1, k:eval1@baruel, mode:EDIT
2026-04-14 10:31:50, MOVE, v:1, k:eval1@baruel, mode:EDIT
2026-04-14 10:36:57, MOVE, v:1, k:eval1@baruel, mode:EDIT
2026-04-14 10:38:01, EXEC, v:1, k:eval1@baruel, mode:FULL, size:18, fail:COMP
2026-04-14 10:38:08, EXEC, v:1, k:eval1@baruel, mode:FULL, rate:0, size:18
2026-04-14 10:41:54, MOVE, v:1, k:eval1@baruel, mode:EDIT
2026-04-14 10:46:58, MOVE, v:1, k:eval1@baruel, mode:EDIT
2026-04-14 10:51:25, MOVE, v:1, k:eval1@baruel, mode:EDIT
2026-04-14 10:56:52, MOVE, v:1, k:eval1@baruel, mode:EDIT
2026-04-14 10:58:29, EXEC, v:1, k:eval1@baruel, mode:FULL, rate:0, size:39
2026-04-14 11:01:51, MOVE, v:1, k:eval1@baruel, mode:EDIT
2026-04-14 11:02:40, EXEC, v:1, k:eval1@baruel, mode:FULL, rate:0, size:41
2026-04-14 11:03:20, EXEC, v:1, k:eval1@baruel, mode:FULL, rate:0, size:41
2026-04-14 11:03:38, EXEC, v:1, k:eval1@baruel, mode:FULL, rate:0, size:41
2026-04-14 11:06:52, EXEC, v:1, k:eval1@baruel, mode:FULL, size:44, fail:COMP
2026-04-14 11:06:58, MOVE, v:1, k:eval1@baruel, mode:EDIT
2026-04-14 11:07:17, EXEC, v:1, k:eval1@baruel, mode:FULL, rate:0, size:44
2026-04-14 11:07:27, EXEC, v:1, k:eval1@baruel, mode:FULL, rate:0, size:44
2026-04-14 11:08:39, EXEC, v:1, k:eval1@baruel, mode:FULL, size:31, fail:COMP
2026-04-14 11:07:59, MOVE, v:1, k:eval1@baruel, mode:EDIT
2026-04-14 11:16:36, MOVE, v:1, k:eval1@baruel, mode:EDIT
2026-04-14 11:19:02, MOVE, v:1, k:eval1@baruel, mode:EDIT
2026-04-14 11:26:18, MOVE, v:1, k:eval1@baruel, mode:EDIT
2026-04-14 11:30:23, EXEC, v:1, k:eval1@baruel, mode:FULL, rate:0, size:35
2026-04-14 11:30:57, EXEC, v:1, k:eval1@baruel, mode:FULL, rate:0, size:35
2026-04-14 11:31:12, EXEC, v:1, k:eval1@baruel, mode:FULL, rate:0, size:35
2026-04-14 11:31:27, EXEC, v:1, k:eval1@baruel, mode:FULL, rate:0, size:35
2026-04-14 11:32:00, MOVE, v:1, k:eval1@baruel, mode:EDIT
2026-04-14 11:32:53, EXEC, v:1, k:eval1@baruel, mode:FULL, rate:0, size:35
2026-04-14 11:35:42, EXEC, v:1, k:eval1@baruel, mode:FULL, rate:0, size:36
2026-04-14 11:36:56, MOVE, v:1, k:eval1@baruel, mode:EDIT
2026-04-14 11:37:10, MOVE, v:1, k:eval1@baruel, mode:BACK
2026-04-14 11:37:23, SELF, v:1, k:eval1@baruel, self:1
2026-04-14 11:37:38, SELF, v:1, k:eval1@baruel, self:1
2026-04-14 11:37:45, MOVE, v:1, k:eval1@baruel, mode:PICK
2026-04-14 11:37:48, MOVE, v:1, k:eval1@baruel, mode:BACK
