2026-05-19 08:50:22, MOVE, v:1, k:ed@ilhas, mode:PICK
2026-05-19 08:53:32, MOVE, v:1, k:ed@ilhas, mode:EDIT
2026-05-19 09:38:29, MOVE, v:1, k:ed@ilhas, mode:EDIT
2026-05-19 09:39:13, EXEC, v:1, k:ed@ilhas, mode:FULL, size:57, fail:COMP
2026-05-19 09:39:15, EXEC, v:1, k:ed@ilhas, mode:FULL, fail:COMP
2026-05-19 09:39:17, EXEC, v:1, k:ed@ilhas, mode:FULL, fail:COMP
2026-05-19 09:39:18, EXEC, v:1, k:ed@ilhas, mode:FULL, fail:COMP
2026-05-19 09:39:18, EXEC, v:1, k:ed@ilhas, mode:FULL, fail:COMP
2026-05-19 09:39:19, EXEC, v:1, k:ed@ilhas, mode:FULL, fail:COMP
2026-05-19 09:39:27, EXEC, v:1, k:ed@ilhas, mode:FULL, size:57, fail:COMP
2026-05-19 09:40:25, EXEC, v:1, k:ed@ilhas, mode:FULL, rate:0, size:58
2026-05-19 09:40:35, EXEC, v:1, k:ed@ilhas, mode:FULL, rate:0, size:58
2026-05-19 09:40:47, EXEC, v:1, k:ed@ilhas, mode:FULL, rate:0, size:58
2026-05-19 09:40:55, EXEC, v:1, k:ed@ilhas, mode:FULL, rate:100, size:58
2026-05-19 09:41:01, MOVE, v:1, k:ed@ilhas, mode:BACK
2026-05-19 09:41:29, SELF, v:1, k:ed@ilhas, self:1, rate:100, concept:1, problem:1
2026-05-19 10:19:27, MOVE, v:1, k:ed@queimada, mode:PICK
2026-05-19 10:21:55, MOVE, v:1, k:ed@queimada, mode:BACK
2026-05-19 10:24:30, MOVE, v:1, k:ed@pilhado, mode:DOWN
2026-05-19 10:24:31, MOVE, v:1, k:ed@pilhado, mode:PICK
2026-05-19 10:24:30, MOVE, v:1, k:ed@pilhado, mode:EDIT
2026-05-19 10:24:30, MOVE, v:1, k:ed@pilhado, mode:EDIT
2026-05-19 10:24:30, MOVE, v:1, k:ed@pilhado, mode:EDIT
2026-05-19 10:24:49, MOVE, v:1, k:ed@pilhado, mode:EDIT
2026-05-19 10:29:18, EXEC, v:1, k:ed@pilhado, mode:FREE, size:45
2026-05-19 10:29:40, MOVE, v:1, k:ed@pilhado, mode:EDIT
2026-05-19 10:34:13, MOVE, v:1, k:ed@pilhado, mode:BACK
2026-05-19 10:34:21, MOVE, v:1, k:ed@queimando, mode:DOWN
2026-05-19 10:34:22, MOVE, v:1, k:ed@queimando, mode:PICK
2026-05-19 10:34:21, MOVE, v:1, k:ed@queimando, mode:EDIT
2026-05-19 10:34:21, MOVE, v:1, k:ed@queimando, mode:EDIT
2026-05-19 10:34:21, MOVE, v:1, k:ed@queimando, mode:EDIT
2026-05-19 10:34:21, MOVE, v:1, k:ed@queimando, mode:EDIT
2026-05-19 10:51:21, MOVE, v:1, k:ed@queimando, mode:BACK
2026-05-19 10:51:48, MOVE, v:1, k:ed@fractais_png, mode:PICK
2026-05-19 10:52:17, MOVE, v:1, k:ed@fractais_png, mode:BACK
